1542943403445	mozrunner::runner	INFO	Running command: "/usr/bin/firefox" "-marionette" "-foreground" "-no-remote" "-profile" "/tmp/rust_mozprofile.d5xMq7f7j3o0"
1542943407308	Marionette	INFO	Listening on port 43831
1542943407422	Marionette	WARN	TLS certificate errors will be ignored for this session
console.error: BroadcastService: 
  receivedBroadcastMessage: handler for
  remote-settings/monitor_changes
  threw error:
  Message: Error: Polling for changes failed: NetworkError when attempting to fetch resource..
  Stack:
    remoteSettingsFunction/remoteSettings.pollChanges@resource://services-settings/remote-settings.js:721:13

1542943837186	mozrunner::runner	INFO	Running command: "/usr/bin/firefox" "-marionette" "-foreground" "-no-remote" "-profile" "/tmp/rust_mozprofile.tD1dRs7ALSZX"
1542943840233	Marionette	INFO	Listening on port 35149
1542943840298	Marionette	WARN	TLS certificate errors will be ignored for this session
console.error: "Tried to send a 'tabDetached' event on an already destroyed actor 'frameTarget'"
IPDL protocol error: Handler returned error code!

###!!! [Parent][DispatchAsyncMessage] Error: PLayerTransaction::Msg_ReleaseLayer Processing error: message was deserialized, but the handler returned false (indicating failure)

IPDL protocol error: Handler returned error code!

###!!! [Parent][DispatchAsyncMessage] Error: PLayerTransaction::Msg_ReleaseLayer Processing error: message was deserialized, but the handler returned false (indicating failure)

IPDL protocol error: Handler returned error code!

###!!! [Parent][DispatchAsyncMessage] Error: PLayerTransaction::Msg_ReleaseLayer Processing error: message was deserialized, but the handler returned false (indicating failure)

IPDL protocol error: Handler returned error code!

###!!! [Parent][DispatchAsyncMessage] Error: PLayerTransaction::Msg_ReleaseLayer Processing error: message was deserialized, but the handler returned false (indicating failure)

IPDL protocol error: Handler returned error code!

###!!! [Parent][DispatchAsyncMessage] Error: PLayerTransaction::Msg_ReleaseLayer Processing error: message was deserialized, but the handler returned false (indicating failure)

IPDL protocol error: Handler returned error code!

###!!! [Parent][DispatchAsyncMessage] Error: PLayerTransaction::Msg_ReleaseLayer Processing error: message was deserialized, but the handler returned false (indicating failure)

IPDL protocol error: Handler returned error code!

###!!! [Parent][DispatchAsyncMessage] Error: PLayerTransaction::Msg_ReleaseLayer Processing error: message was deserialized, but the handler returned false (indicating failure)

IPDL protocol error: Handler returned error code!

###!!! [Parent][DispatchAsyncMessage] Error: PLayerTransaction::Msg_ReleaseLayer Processing error: message was deserialized, but the handler returned false (indicating failure)

[Parent 27323, Gecko_IOThread] WARNING: pipe error (78): Connection reset by peer: file /build/firefox-j7tNrI/firefox-63.0+build2/ipc/chromium/src/chrome/common/ipc_channel_posix.cc, line 356
[Parent 27323, Gecko_IOThread] WARNING: pipe error (92): Connection reset by peer: file /build/firefox-j7tNrI/firefox-63.0+build2/ipc/chromium/src/chrome/common/ipc_channel_posix.cc, line 356
1542943957304	Marionette	INFO	Stopped listening on port 43831
Warning: getUnicodeUrl failed to get a Unicode URL fromdebugger eval code, reason: TypeError: debugger eval code is not a valid URL.console.error: BroadcastService: 
  receivedBroadcastMessage: handler for
  remote-settings/monitor_changes
  threw error:
  Message: Error: Polling for changes failed: NetworkError when attempting to fetch resource..
  Stack:
    remoteSettingsFunction/remoteSettings.pollChanges@resource://services-settings/remote-settings.js:721:13

console.error: "TypeError: this.onSelected is not a function: onDetachedFront@resource://devtools/shared/base-loader.js -> resource://devtools/client/inspector/computed/computed.js:1461:5\nemit@resource://devtools/shared/base-loader.js -> resource://devtools/shared/event-emitter.js:178:15\nemit@resource://devtools/shared/base-loader.js -> resource://devtools/shared/event-emitter.js:255:5\n_onMutations@resource://devtools/shared/base-loader.js -> resource://devtools/client/framework/selection.js:105:7\nemit@resource://devtools/shared/base-loader.js -> resource://devtools/shared/event-emitter.js:178:15\nemit@resource://devtools/shared/base-loader.js -> resource://devtools/shared/event-emitter.js:255:5\nWalkerFront<.getMutations</<@resource://devtools/shared/base-loader.js -> resource://devtools/shared/fronts/inspector.js:414:7\n"
TypeError: this.onSelected is not a function: onDetachedFront@resource://devtools/shared/base-loader.js -> resource://devtools/client/inspector/computed/computed.js:1461:5
emit@resource://devtools/shared/base-loader.js -> resource://devtools/shared/event-emitter.js:178:15
emit@resource://devtools/shared/base-loader.js -> resource://devtools/shared/event-emitter.js:255:5
_onMutations@resource://devtools/shared/base-loader.js -> resource://devtools/client/framework/selection.js:105:7
emit@resource://devtools/shared/base-loader.js -> resource://devtools/shared/event-emitter.js:178:15
emit@resource://devtools/shared/base-loader.js -> resource://devtools/shared/event-emitter.js:255:5
WalkerFront<.getMutations</<@resource://devtools/shared/base-loader.js -> resource://devtools/shared/fronts/inspector.js:414:7


(firefox:28282): GLib-GObject-CRITICAL **: g_type_add_interface_static: assertion 'g_type_parent (interface_type) == G_TYPE_INTERFACE' failed

(firefox:28282): GLib-GObject-CRITICAL **: g_type_add_interface_static: assertion 'g_type_parent (interface_type) == G_TYPE_INTERFACE' failed

(firefox:28282): GLib-GObject-CRITICAL **: g_type_add_interface_static: assertion 'g_type_parent (interface_type) == G_TYPE_INTERFACE' failed

(firefox:28282): GLib-GObject-CRITICAL **: g_type_add_interface_static: assertion 'g_type_parent (interface_type) == G_TYPE_INTERFACE' failed

(firefox:28282): GLib-GObject-WARNING **: /build/glib2.0-7ZsPUq/glib2.0-2.48.2/./gobject/gsignal.c:3486: signal name 'load_complete' is invalid for instance '0x7fe487f58ce0' of type 'MaiAtkType13b'

(firefox:28282): GLib-GObject-CRITICAL **: g_type_add_interface_static: assertion 'g_type_parent (interface_type) == G_TYPE_INTERFACE' failed

(firefox:28282): GLib-GObject-CRITICAL **: g_type_add_interface_static: assertion 'g_type_parent (interface_type) == G_TYPE_INTERFACE' failed

(firefox:28282): GLib-GObject-CRITICAL **: g_type_add_interface_static: assertion 'g_type_parent (interface_type) == G_TYPE_INTERFACE' failed
JavaScript warning: resource://devtools/shared/base-loader.js -> resource://devtools/client/shared/demangle.js, line 0: Successfully compiled asm.js code (total compilation time 80ms; unable to cache asm.js in synchronous scripts; try loading asm.js via <script async> or createElement('script'))

(firefox:28282): GLib-GObject-CRITICAL **: g_type_add_interface_static: assertion 'g_type_parent (interface_type) == G_TYPE_INTERFACE' failed
JavaScript error: chrome://browser/content/urlbarBindings.xml, line 2709: NS_ERROR_FAILURE: Component returned failure code: 0x80004005 (NS_ERROR_FAILURE) [nsIAutoCompleteController.getStyleAt]

(firefox:28282): GLib-GObject-CRITICAL **: g_type_add_interface_static: assertion 'g_type_parent (interface_type) == G_TYPE_INTERFACE' failed

(firefox:28282): GLib-GObject-CRITICAL **: g_type_add_interface_static: assertion 'g_type_parent (interface_type) == G_TYPE_INTERFACE' failed

(firefox:28282): GLib-GObject-WARNING **: /build/glib2.0-7ZsPUq/glib2.0-2.48.2/./gobject/gsignal.c:3486: signal name 'selection_changed' is invalid for instance '0x7fe488d502e0' of type 'MaiAtkType139'
console.error: "Tried to send a 'tabDetached' event on an already destroyed actor 'frameTarget'"
console.error: "Protocol error (noSuchActor): No such actor for ID: server1.conn0.child1/memoryActor11"
[Child 30040, Chrome_ChildThread] WARNING: pipe error (3): Connection reset by peer: file /build/firefox-j7tNrI/firefox-63.0+build2/ipc/chromium/src/chrome/common/ipc_channel_posix.cc, line 356
[Parent 28282, Gecko_IOThread] WARNING: pipe error (78): Connection reset by peer: file /build/firefox-j7tNrI/firefox-63.0+build2/ipc/chromium/src/chrome/common/ipc_channel_posix.cc, line 356
[Parent 28282, Gecko_IOThread] WARNING: pipe error (86): Connection reset by peer: file /build/firefox-j7tNrI/firefox-63.0+build2/ipc/chromium/src/chrome/common/ipc_channel_posix.cc, line 356
[Parent 28282, Gecko_IOThread] WARNING: pipe error (59): Connection reset by peer: file /build/firefox-j7tNrI/firefox-63.0+build2/ipc/chromium/src/chrome/common/ipc_channel_posix.cc, line 356
[Parent 28282, Gecko_IOThread] WARNING: pipe error (142): Connection reset by peer: file /build/firefox-j7tNrI/firefox-63.0+build2/ipc/chromium/src/chrome/common/ipc_channel_posix.cc, line 356
1542945367384	Marionette	INFO	Stopped listening on port 35149
1542950609165	mozrunner::runner	INFO	Running command: "/usr/bin/firefox" "-marionette" "-foreground" "-no-remote" "-profile" "/tmp/rust_mozprofile.OYIAAqOy2XBo"
1542950612001	Marionette	INFO	Listening on port 41421
1542950612103	Marionette	WARN	TLS certificate errors will be ignored for this session
1542950662369	mozrunner::runner	INFO	Running command: "/usr/bin/firefox" "-marionette" "-foreground" "-no-remote" "-profile" "/tmp/rust_mozprofile.zz9RgXzqNm2T"
1542950665483	Marionette	INFO	Listening on port 33685
1542950665579	Marionette	WARN	TLS certificate errors will be ignored for this session
[Parent 5348, Gecko_IOThread] WARNING: pipe error (78): Connection reset by peer: file /build/firefox-j7tNrI/firefox-63.0+build2/ipc/chromium/src/chrome/common/ipc_channel_posix.cc, line 356
[Parent 5348, Gecko_IOThread] WARNING: pipe error (86): Connection reset by peer: file /build/firefox-j7tNrI/firefox-63.0+build2/ipc/chromium/src/chrome/common/ipc_channel_posix.cc, line 356
1542950671746	Marionette	INFO	Stopped listening on port 41421
1542950771787	mozrunner::runner	INFO	Running command: "/usr/bin/firefox" "-marionette" "-foreground" "-no-remote" "-profile" "/tmp/rust_mozprofile.4uDNnOBlBOYN"
1542950774576	Marionette	INFO	Listening on port 46269
1542950774607	Marionette	WARN	TLS certificate errors will be ignored for this session
console.error: BroadcastService: 
  receivedBroadcastMessage: handler for
  remote-settings/monitor_changes
  threw error:
  Message: Error: Polling for changes failed: NetworkError when attempting to fetch resource..
  Stack:
    remoteSettingsFunction/remoteSettings.pollChanges@resource://services-settings/remote-settings.js:721:13

console.error: BroadcastService: 
  receivedBroadcastMessage: handler for
  remote-settings/monitor_changes
  threw error:
  Message: Error: Polling for changes failed: NetworkError when attempting to fetch resource..
  Stack:
    remoteSettingsFunction/remoteSettings.pollChanges@resource://services-settings/remote-settings.js:721:13

1542951398380	mozrunner::runner	INFO	Running command: "/usr/bin/firefox" "-marionette" "-foreground" "-no-remote" "-profile" "/tmp/rust_mozprofile.jpzd70QEivf6"
1542951401376	Marionette	INFO	Listening on port 44639
1542951401393	Marionette	WARN	TLS certificate errors will be ignored for this session
1542951409706	Marionette	INFO	Stopped listening on port 44639
[Parent 6741, Gecko_IOThread] WARNING: pipe error (78): Connection reset by peer: file /build/firefox-j7tNrI/firefox-63.0+build2/ipc/chromium/src/chrome/common/ipc_channel_posix.cc, line 356
1542951500226	mozrunner::runner	INFO	Running command: "/usr/bin/firefox" "-marionette" "-foreground" "-no-remote" "-profile" "/tmp/rust_mozprofile.ZR3DVStQTcfs"
1542951503010	Marionette	INFO	Listening on port 38819
1542951503040	Marionette	WARN	TLS certificate errors will be ignored for this session
[Parent 5639, Gecko_IOThread] WARNING: pipe error (40): Connection reset by peer: file /build/firefox-j7tNrI/firefox-63.0+build2/ipc/chromium/src/chrome/common/ipc_channel_posix.cc, line 356
1542951507836	Marionette	INFO	Stopped listening on port 33685
1542951512969	Marionette	INFO	Stopped listening on port 38819
[Parent 7086, Gecko_IOThread] WARNING: pipe error (78): Connection reset by peer: file /build/firefox-j7tNrI/firefox-63.0+build2/ipc/chromium/src/chrome/common/ipc_channel_posix.cc, line 356
[Parent 7086, Gecko_IOThread] WARNING: pipe error (81): Connection reset by peer: file /build/firefox-j7tNrI/firefox-63.0+build2/ipc/chromium/src/chrome/common/ipc_channel_posix.cc, line 356
[Parent 5978, Gecko_IOThread] WARNING: pipe error (93): Connection reset by peer: file /build/firefox-j7tNrI/firefox-63.0+build2/ipc/chromium/src/chrome/common/ipc_channel_posix.cc, line 356
1542951532106	Marionette	INFO	Stopped listening on port 46269
1542951535939	mozrunner::runner	INFO	Running command: "/usr/bin/firefox" "-marionette" "-foreground" "-no-remote" "-profile" "/tmp/rust_mozprofile.rOHUZGdAu77d"
1542951539012	Marionette	INFO	Listening on port 35845
1542951539054	Marionette	WARN	TLS certificate errors will be ignored for this session
1542951548183	Marionette	INFO	Stopped listening on port 35845
[Parent 7342, Gecko_IOThread] WARNING: pipe error (78): Connection reset by peer: file /build/firefox-j7tNrI/firefox-63.0+build2/ipc/chromium/src/chrome/common/ipc_channel_posix.cc, line 356
1542951599711	mozrunner::runner	INFO	Running command: "/usr/bin/firefox" "-marionette" "-foreground" "-no-remote" "-profile" "/tmp/rust_mozprofile.CskvrUH2OgfX"
1542951602615	Marionette	INFO	Listening on port 44603
1542951602622	Marionette	WARN	TLS certificate errors will be ignored for this session
1542951682087	mozrunner::runner	INFO	Running command: "/usr/bin/firefox" "-marionette" "-foreground" "-no-remote" "-profile" "/tmp/rust_mozprofile.A1KYa1SuVGGZ"
1542951684894	Marionette	INFO	Listening on port 46089
1542951684901	Marionette	WARN	TLS certificate errors will be ignored for this session
console.error: BroadcastService: 
  receivedBroadcastMessage: handler for
  remote-settings/monitor_changes
  threw error:
  Message: Error: Polling for changes failed: NetworkError when attempting to fetch resource..
  Stack:
    remoteSettingsFunction/remoteSettings.pollChanges@resource://services-settings/remote-settings.js:721:13

console.error: BroadcastService: 
  receivedBroadcastMessage: handler for
  remote-settings/monitor_changes
  threw error:
  Message: Error: Polling for changes failed: NetworkError when attempting to fetch resource..
  Stack:
    remoteSettingsFunction/remoteSettings.pollChanges@resource://services-settings/remote-settings.js:721:13

1542952213508	mozrunner::runner	INFO	Running command: "/usr/bin/firefox" "-marionette" "-foreground" "-no-remote" "-profile" "/tmp/rust_mozprofile.gLPSxooXCWri"
1542952216301	Marionette	INFO	Listening on port 36889
1542952216321	Marionette	WARN	TLS certificate errors will be ignored for this session
1542952260778	mozrunner::runner	INFO	Running command: "/usr/bin/firefox" "-marionette" "-foreground" "-no-remote" "-profile" "/tmp/rust_mozprofile.fXeXoudhZMdA"
1542952263537	Marionette	INFO	Listening on port 35075
1542952263626	Marionette	WARN	TLS certificate errors will be ignored for this session
[Parent 9212, Gecko_IOThread] WARNING: pipe error (78): Connection reset by peer: file /build/firefox-j7tNrI/firefox-63.0+build2/ipc/chromium/src/chrome/common/ipc_channel_posix.cc, line 356
[Parent 9212, Gecko_IOThread] WARNING: pipe error (81): Connection reset by peer: file /build/firefox-j7tNrI/firefox-63.0+build2/ipc/chromium/src/chrome/common/ipc_channel_posix.cc, line 356
[Parent 9212, Gecko_IOThread] WARNING: pipe error (112): Connection reset by peer: file /build/firefox-j7tNrI/firefox-63.0+build2/ipc/chromium/src/chrome/common/ipc_channel_posix.cc, line 356
1542952305871	Marionette	INFO	Stopped listening on port 35075
1542952312369	Marionette	INFO	Stopped listening on port 36889
console.error: "Tried to send a 'tabDetached' event on an already destroyed actor 'frameTarget'"
IPDL protocol error: Handler returned error code!

###!!! [Parent][DispatchAsyncMessage] Error: PLayerTransaction::Msg_ReleaseLayer Processing error: message was deserialized, but the handler returned false (indicating failure)

IPDL protocol error: Handler returned error code!

###!!! [Parent][DispatchAsyncMessage] Error: PLayerTransaction::Msg_ReleaseLayer Processing error: message was deserialized, but the handler returned false (indicating failure)

IPDL protocol error: Handler returned error code!

###!!! [Parent][DispatchAsyncMessage] Error: PLayerTransaction::Msg_ReleaseLayer Processing error: message was deserialized, but the handler returned false (indicating failure)

IPDL protocol error: Handler returned error code!

###!!! [Parent][DispatchAsyncMessage] Error: PLayerTransaction::Msg_ReleaseLayer Processing error: message was deserialized, but the handler returned false (indicating failure)

IPDL protocol error: Handler returned error code!

###!!! [Parent][DispatchAsyncMessage] Error: PLayerTransaction::Msg_ReleaseLayer Processing error: message was deserialized, but the handler returned false (indicating failure)

[Parent 8020, Gecko_IOThread] WARNING: pipe error (78): Connection reset by peer: file /build/firefox-j7tNrI/firefox-63.0+build2/ipc/chromium/src/chrome/common/ipc_channel_posix.cc, line 356
[Parent 8020, Gecko_IOThread] WARNING: pipe error (86): Connection reset by peer: file /build/firefox-j7tNrI/firefox-63.0+build2/ipc/chromium/src/chrome/common/ipc_channel_posix.cc, line 356
1542952316826	Marionette	INFO	Stopped listening on port 46089
[Parent 7700, Gecko_IOThread] WARNING: pipe error (78): Connection reset by peer: file /build/firefox-j7tNrI/firefox-63.0+build2/ipc/chromium/src/chrome/common/ipc_channel_posix.cc, line 356
1542952320622	Marionette	INFO	Stopped listening on port 44603
